Using provided job directory: /sps/t2k/eleblevec/mini-Caverns-toolsbox/root2graph/jobs/25_09_27_13_51_knn_pyg_k5_xyzt_st_e-_50-1500MeV
Copying H5 file to: /tmp/hierar_e-_50-1500MeV_folder1_a2.h5  
Starting edge generation...
Working directory: /sps/t2k/eleblevec/mini-Caverns-toolsbox/root2graph
Python script: /sps/t2k/eleblevec/mini-Caverns-toolsbox/root2graph/edge_index_generator.py
Config file: /sps/t2k/eleblevec/mini-Caverns-toolsbox/root2graph/jobs/25_09_27_13_51_knn_pyg_k5_xyzt_st_e-_50-1500MeV/edge_config.yaml

Preparing to generate edge indices...
Algorithm: knn_pyg
Using device cuda
Metric: spacetime
Pos features: ['hitx', 'hity', 'hitz', 'time']
Combine files: False
Edges will be saved as direct event datasets: event_1, event_2, etc.
Using two file approach: creating '/tmp/test_spacetime_simple_h5_index_from_slurm.h5'

Processing completed. Edge file '/tmp/test_spacetime_simple_h5_index_from_slurm.h5' created with edge indices.

==================================================
MONITORING SUMMARY
==================================================

--- Loading Phase ---
RAM before loading : 447.00 MB

--- Processing Phase (Loop) ---
Number of RAM samples taken : 1
RAM at start of loop        : 452.81 MB (event #0)
Maximum RAM reached        : 452.81 MB
RAM at end of loop         : 452.81 MB (event #0)
Delta with max RAM      : +5.81 MB

==================================================

Average edge processing time per event: 0.0046 seconds
Total events processed: 199
Edge generation completed successfully
Copying edge file back to: /sps/t2k/eleblevec/mini-Caverns-toolsbox/playground/root2graph/test_spacetime_simple_h5_index_from_slurm.h5
Temporary files cleaned up, job directory preserved: /sps/t2k/eleblevec/mini-Caverns-toolsbox/root2graph/jobs/25_09_27_13_51_knn_pyg_k5_xyzt_st_e-_50-1500MeV
